<?xml version="1.0" encoding="UTF-8"?>
<testng-results skipped="1" failed="1" ignored="0" total="3" passed="1">
  <reporter-output>
  </reporter-output>
  <suite name="Default suite" duration-ms="1856" started-at="2019-10-22T07:14:25Z" finished-at="2019-10-22T07:14:27Z">
    <groups>
    </groups>
    <test name="Default test" duration-ms="1856" started-at="2019-10-22T07:14:25Z" finished-at="2019-10-22T07:14:27Z">
      <class name="SeleniumPlus.Test6">
        <test-method status="PASS" signature="beforeTest()[pri:0, instance:SeleniumPlus.Test6@685cb137]" name="beforeTest" is-config="true" duration-ms="794" started-at="2019-10-22T07:14:25Z" finished-at="2019-10-22T07:14:26Z">
          <reporter-output>
          </reporter-output>
        </test-method> <!-- beforeTest -->
        <test-method status="PASS" signature="beforeMethod(org.testng.ITestResult)[pri:0, instance:SeleniumPlus.Test6@685cb137]" name="beforeMethod" is-config="true" duration-ms="7" started-at="2019-10-22T07:14:26Z" finished-at="2019-10-22T07:14:26Z">
          <params>
            <param index="0">
              <value>
                <![CDATA[[TestResult name=testFail status=FAILURE method=Test6.testFail()[pri:0, instance:SeleniumPlus.Test6@685cb137] output={null}]]]>
              </value>
            </param>
          </params>
          <reporter-output>
          </reporter-output>
        </test-method> <!-- beforeMethod -->
        <test-method status="FAIL" signature="testFail()[pri:0, instance:SeleniumPlus.Test6@685cb137]" name="testFail" duration-ms="10" started-at="2019-10-22T07:14:26Z" finished-at="2019-10-22T07:14:26Z">
          <exception class="java.lang.AssertionError">
            <message>
              <![CDATA[expected [true] but found [false]]]>
            </message>
            <full-stacktrace>
              <![CDATA[java.lang.AssertionError: expected [true] but found [false]
at org.testng.Assert.fail(Assert.java:96)
at org.testng.Assert.failNotEquals(Assert.java:776)
at org.testng.Assert.assertTrue(Assert.java:44)
at org.testng.Assert.assertTrue(Assert.java:54)
at SeleniumPlus.Test6.testFail(Test6.java:64)
at sun.reflect.NativeMethodAccessorImpl.invoke0(Native Method)
at sun.reflect.NativeMethodAccessorImpl.invoke(NativeMethodAccessorImpl.java:62)
at sun.reflect.DelegatingMethodAccessorImpl.invoke(DelegatingMethodAccessorImpl.java:43)
at java.lang.reflect.Method.invoke(Method.java:498)
at org.testng.internal.MethodInvocationHelper.invokeMethod(MethodInvocationHelper.java:124)
at org.testng.internal.Invoker.invokeMethod(Invoker.java:583)
at org.testng.internal.Invoker.invokeTestMethod(Invoker.java:719)
at org.testng.internal.Invoker.invokeTestMethods(Invoker.java:989)
at org.testng.internal.TestMethodWorker.invokeTestMethods(TestMethodWorker.java:125)
at org.testng.internal.TestMethodWorker.run(TestMethodWorker.java:109)
at org.testng.TestRunner.privateRun(TestRunner.java:648)
at org.testng.TestRunner.run(TestRunner.java:505)
at org.testng.SuiteRunner.runTest(SuiteRunner.java:455)
at org.testng.SuiteRunner.runSequentially(SuiteRunner.java:450)
at org.testng.SuiteRunner.privateRun(SuiteRunner.java:415)
at org.testng.SuiteRunner.run(SuiteRunner.java:364)
at org.testng.SuiteRunnerWorker.runSuite(SuiteRunnerWorker.java:52)
at org.testng.SuiteRunnerWorker.run(SuiteRunnerWorker.java:84)
at org.testng.TestNG.runSuitesSequentially(TestNG.java:1208)
at org.testng.TestNG.runSuitesLocally(TestNG.java:1137)
at org.testng.TestNG.runSuites(TestNG.java:1049)
at org.testng.TestNG.run(TestNG.java:1017)
at org.testng.remote.AbstractRemoteTestNG.run(AbstractRemoteTestNG.java:132)
at org.testng.remote.RemoteTestNG.initAndRun(RemoteTestNG.java:236)
at org.testng.remote.RemoteTestNG.main(RemoteTestNG.java:81)
]]>
            </full-stacktrace>
          </exception> <!-- java.lang.AssertionError -->
          <reporter-output>
          </reporter-output>
        </test-method> <!-- testFail -->
        <test-method status="PASS" signature="afterMethod(org.testng.ITestResult)[pri:0, instance:SeleniumPlus.Test6@685cb137]" name="afterMethod" is-config="true" duration-ms="40" started-at="2019-10-22T07:14:26Z" finished-at="2019-10-22T07:14:26Z">
          <params>
            <param index="0">
              <value>
                <![CDATA[[TestResult name=testFail status=FAILURE method=Test6.testFail()[pri:0, instance:SeleniumPlus.Test6@685cb137] output={null}]]]>
              </value>
            </param>
          </params>
          <reporter-output>
          </reporter-output>
        </test-method> <!-- afterMethod -->
        <test-method status="PASS" signature="beforeMethod(org.testng.ITestResult)[pri:0, instance:SeleniumPlus.Test6@685cb137]" name="beforeMethod" is-config="true" duration-ms="1" started-at="2019-10-22T07:14:26Z" finished-at="2019-10-22T07:14:26Z">
          <params>
            <param index="0">
              <value>
                <![CDATA[[TestResult name=testPass status=SUCCESS method=Test6.testPass()[pri:0, instance:SeleniumPlus.Test6@685cb137] output={null}]]]>
              </value>
            </param>
          </params>
          <reporter-output>
          </reporter-output>
        </test-method> <!-- beforeMethod -->
        <test-method status="PASS" signature="testPass()[pri:0, instance:SeleniumPlus.Test6@685cb137]" name="testPass" duration-ms="2" started-at="2019-10-22T07:14:26Z" finished-at="2019-10-22T07:14:26Z">
          <reporter-output>
          </reporter-output>
        </test-method> <!-- testPass -->
        <test-method status="PASS" signature="afterMethod(org.testng.ITestResult)[pri:0, instance:SeleniumPlus.Test6@685cb137]" name="afterMethod" is-config="true" duration-ms="1" started-at="2019-10-22T07:14:26Z" finished-at="2019-10-22T07:14:26Z">
          <params>
            <param index="0">
              <value>
                <![CDATA[[TestResult name=testPass status=SUCCESS method=Test6.testPass()[pri:0, instance:SeleniumPlus.Test6@685cb137] output={null}]]]>
              </value>
            </param>
          </params>
          <reporter-output>
          </reporter-output>
        </test-method> <!-- afterMethod -->
        <test-method status="SKIP" signature="testSkip()[pri:0, instance:SeleniumPlus.Test6@685cb137]" name="testSkip" duration-ms="5" started-at="2019-10-22T07:14:26Z" finished-at="2019-10-22T07:14:26Z">
          <exception class="org.testng.SkipException">
            <message>
              <![CDATA[Skippedd]]>
            </message>
            <full-stacktrace>
              <![CDATA[org.testng.SkipException: Skippedd
at SeleniumPlus.Test6.testSkip(Test6.java:68)
at sun.reflect.NativeMethodAccessorImpl.invoke0(Native Method)
at sun.reflect.NativeMethodAccessorImpl.invoke(NativeMethodAccessorImpl.java:62)
at sun.reflect.DelegatingMethodAccessorImpl.invoke(DelegatingMethodAccessorImpl.java:43)
at java.lang.reflect.Method.invoke(Method.java:498)
at org.testng.internal.MethodInvocationHelper.invokeMethod(MethodInvocationHelper.java:124)
at org.testng.internal.Invoker.invokeMethod(Invoker.java:583)
at org.testng.internal.Invoker.invokeTestMethod(Invoker.java:719)
at org.testng.internal.Invoker.invokeTestMethods(Invoker.java:989)
at org.testng.internal.TestMethodWorker.invokeTestMethods(TestMethodWorker.java:125)
at org.testng.internal.TestMethodWorker.run(TestMethodWorker.java:109)
at org.testng.TestRunner.privateRun(TestRunner.java:648)
at org.testng.TestRunner.run(TestRunner.java:505)
at org.testng.SuiteRunner.runTest(SuiteRunner.java:455)
at org.testng.SuiteRunner.runSequentially(SuiteRunner.java:450)
at org.testng.SuiteRunner.privateRun(SuiteRunner.java:415)
at org.testng.SuiteRunner.run(SuiteRunner.java:364)
at org.testng.SuiteRunnerWorker.runSuite(SuiteRunnerWorker.java:52)
at org.testng.SuiteRunnerWorker.run(SuiteRunnerWorker.java:84)
at org.testng.TestNG.runSuitesSequentially(TestNG.java:1208)
at org.testng.TestNG.runSuitesLocally(TestNG.java:1137)
at org.testng.TestNG.runSuites(TestNG.java:1049)
at org.testng.TestNG.run(TestNG.java:1017)
at org.testng.remote.AbstractRemoteTestNG.run(AbstractRemoteTestNG.java:132)
at org.testng.remote.RemoteTestNG.initAndRun(RemoteTestNG.java:236)
at org.testng.remote.RemoteTestNG.main(RemoteTestNG.java:81)
]]>
            </full-stacktrace>
          </exception> <!-- org.testng.SkipException -->
          <reporter-output>
          </reporter-output>
        </test-method> <!-- testSkip -->
        <test-method status="PASS" signature="beforeMethod(org.testng.ITestResult)[pri:0, instance:SeleniumPlus.Test6@685cb137]" name="beforeMethod" is-config="true" duration-ms="0" started-at="2019-10-22T07:14:26Z" finished-at="2019-10-22T07:14:26Z">
          <params>
            <param index="0">
              <value>
                <![CDATA[[TestResult name=testSkip status=SKIP method=Test6.testSkip()[pri:0, instance:SeleniumPlus.Test6@685cb137] output={null}]]]>
              </value>
            </param>
          </params>
          <reporter-output>
          </reporter-output>
        </test-method> <!-- beforeMethod -->
        <test-method status="PASS" signature="afterMethod(org.testng.ITestResult)[pri:0, instance:SeleniumPlus.Test6@685cb137]" name="afterMethod" is-config="true" duration-ms="1" started-at="2019-10-22T07:14:26Z" finished-at="2019-10-22T07:14:26Z">
          <params>
            <param index="0">
              <value>
                <![CDATA[[TestResult name=testSkip status=SKIP method=Test6.testSkip()[pri:0, instance:SeleniumPlus.Test6@685cb137] output={null}]]]>
              </value>
            </param>
          </params>
          <reporter-output>
          </reporter-output>
        </test-method> <!-- afterMethod -->
        <test-method status="PASS" signature="afterTest()[pri:0, instance:SeleniumPlus.Test6@685cb137]" name="afterTest" is-config="true" duration-ms="951" started-at="2019-10-22T07:14:26Z" finished-at="2019-10-22T07:14:27Z">
          <reporter-output>
          </reporter-output>
        </test-method> <!-- afterTest -->
      </class> <!-- SeleniumPlus.Test6 -->
    </test> <!-- Default test -->
  </suite> <!-- Default suite -->
</testng-results>
